
SQL*Loader: Release 12.2.0.1.0 - Production on Thu Dec 1 09:14:29 2022

Copyright (c) 1982, 2017, Oracle and/or its affiliates.  All rights reserved.

Control File:   /opeapp/ctl/TB_OPE_KRI_∞®ªÁ±‚»π∆¿01.ctl
Data File:      /nasdat/ope/∞®ªÁ±‚»π∆¿01.dat
  Bad File:     /opeapp/logs/lod_TB_OPE_KRI_∞®ªÁ±‚»π∆¿01.bad
  Discard File:  none specified
 
 (Allow all discards)

Number to load: ALL
Number to skip: 0
Errors allowed: 0
Bind array:     64 rows, maximum of 256000 bytes
Continuation:    none specified
Path used:      Conventional
Silent options: FEEDBACK
Table TEMP_OPE_KRI_∞®ªÁ±‚»π∆¿01, loaded from every logical record.
Insert option in effect for this table: TRUNCATE
TRAILING NULLCOLS option in effect

   Column Name                  Position   Len  Term Encl Datatype
------------------------------ ---------- ----- ---- ---- ---------------------
STD_DT                              FIRST     *   ”       CHARACTER            
EXE_NO                               NEXT     *   ”       CHARACTER            
PTO_SNO                              NEXT     *   ”       CHARACTER            
BRNO                                 NEXT     *   ”       CHARACTER            
BR_NM                                NEXT     *   ”       CHARACTER            
    SQL string for column : "TRIM(:BR_NM)"
PTO_NO                               NEXT     *   ”       CHARACTER            
PTO_DTT_CD_NM                        NEXT     *   ”       CHARACTER            
    SQL string for column : "TRIM(:PTO_DTT_CD_NM)"
OCC_DT                               NEXT     *   ”       CHARACTER            


Table TEMP_OPE_KRI_∞®ªÁ±‚»π∆¿01:
  0 Rows successfully loaded.
  0 Rows not loaded due to data errors.
  0 Rows not loaded because all WHEN clauses were failed.
  0 Rows not loaded because all fields were null.


Space allocated for bind array:                 132096 bytes(64 rows)
Read   buffer bytes: 1048576

Total logical records skipped:          0
Total logical records read:             0
Total logical records rejected:         0
Total logical records discarded:        0

Run began on Thu Dec 01 09:14:29 2022
Run ended on Thu Dec 01 09:14:30 2022

Elapsed time was:     00:00:00.20
CPU time was:         00:00:00.01
