
SQL*Loader: Release 12.2.0.1.0 - Production on Thu Dec 1 09:19:47 2022

Copyright (c) 1982, 2017, Oracle and/or its affiliates.  All rights reserved.

Control File:   /opeapp/ctl/TB_OPE_KRI_외환지원팀06.ctl
Data File:      /opeapp/opeftp/rcv/foreigninfohappycall.dat
  Bad File:     /opeapp/logs/lod_TB_OPE_KRI_외환지원팀06.bad
  Discard File:  none specified
 
 (Allow all discards)

Number to load: ALL
Number to skip: 0
Errors allowed: 0
Bind array:     64 rows, maximum of 256000 bytes
Continuation:    none specified
Path used:      Conventional
Silent options: FEEDBACK
Table TEMP_OPE_KRI_외환지원팀06, loaded from every logical record.
Insert option in effect for this table: TRUNCATE
TRAILING NULLCOLS option in effect

   Column Name                  Position   Len  Term Encl Datatype
------------------------------ ---------- ----- ---- ---- ---------------------
STD_DT                              FIRST     *   |       CHARACTER            
ACNO                                 NEXT     *   |       CHARACTER            
BRNO                                 NEXT     *   |       CHARACTER            
BR_NM                                NEXT     *   |       CHARACTER            
    SQL string for column : "TRIM(:BR_NM)"
CUST_NO                              NEXT     *   |       CHARACTER            
CUST_NAME                            NEXT     *   |       CHARACTER            
    SQL string for column : "TRIM(:CUST_NAME)"
CRCD                                 NEXT     *   |       CHARACTER            
LN_AMT                               NEXT     *   |       CHARACTER            
LN_DT                                NEXT     *   |       CHARACTER            
CMPL_DT                              NEXT     *   |       CHARACTER            
USR_NO                               NEXT     *   |       CHARACTER            
    SQL string for column : "TRIM(:USR_NO)"


Table TEMP_OPE_KRI_외환지원팀06:
  4 Rows successfully loaded.
  0 Rows not loaded due to data errors.
  0 Rows not loaded because all WHEN clauses were failed.
  0 Rows not loaded because all fields were null.


Space allocated for bind array:                 181632 bytes(64 rows)
Read   buffer bytes: 1048576

Total logical records skipped:          0
Total logical records read:             4
Total logical records rejected:         0
Total logical records discarded:        0

Run began on Thu Dec 01 09:19:47 2022
Run ended on Thu Dec 01 09:19:47 2022

Elapsed time was:     00:00:00.25
CPU time was:         00:00:00.01
