
SQL*Loader: Release 12.2.0.1.0 - Production on Thu Dec 1 08:30:15 2022

Copyright (c) 1982, 2017, Oracle and/or its affiliates.  All rights reserved.

Control File:   /opeapp/ctl/TB_OPE_KRI_Á¤º¸º¸È£ÆÀ01.ctl
Data File:      /opeapp/opeftp/rcv/pri_01.dat
  Bad File:     /opeapp/logs/lod_TB_OPE_KRI_Á¤º¸º¸È£ÆÀ01.bad
  Discard File:  none specified
 
 (Allow all discards)

Number to load: ALL
Number to skip: 0
Errors allowed: 0
Bind array:     64 rows, maximum of 256000 bytes
Continuation:    none specified
Path used:      Conventional
Silent options: FEEDBACK
Table TEMP_OPE_KRI_Á¤º¸º¸È£ÆÀ01, loaded from every logical record.
Insert option in effect for this table: TRUNCATE
TRAILING NULLCOLS option in effect

   Column Name                  Position   Len  Term Encl Datatype
------------------------------ ---------- ----- ---- ---- ---------------------
STD_DT                              FIRST     *   |       CHARACTER            
BR_NM                                NEXT     *   |       CHARACTER            
    SQL string for column : "TRIM(:BR_NM)"
USR_NM                               NEXT     *   |       CHARACTER            
    SQL string for column : "TRIM(:USR_NM)"
USR_ID                               NEXT     *   |       CHARACTER            
    SQL string for column : "TRIM(:USR_ID)"
FL_CNT                               NEXT     *   |       CHARACTER            
PTR_CNT                              NEXT     *   |       CHARACTER            
ADTG_TP                              NEXT     *   |       CHARACTER            
ADTG_DT                              NEXT     *   |       CHARACTER            


Table TEMP_OPE_KRI_Á¤º¸º¸È£ÆÀ01:
  1844 Rows successfully loaded.
  0 Rows not loaded due to data errors.
  0 Rows not loaded because all WHEN clauses were failed.
  0 Rows not loaded because all fields were null.


Space allocated for bind array:                 132096 bytes(64 rows)
Read   buffer bytes: 1048576

Total logical records skipped:          0
Total logical records read:          1844
Total logical records rejected:         0
Total logical records discarded:        0

Run began on Thu Dec 01 08:30:15 2022
Run ended on Thu Dec 01 08:30:16 2022

Elapsed time was:     00:00:00.23
CPU time was:         00:00:00.01
