
SQL*Loader: Release 12.2.0.1.0 - Production on Fri Dec 9 15:06:37 2022

Copyright (c) 1982, 2017, Oracle and/or its affiliates.  All rights reserved.

Control File:   /opeapp/ctl/TB_OPE_KRI_Á÷¿ø¸¸Á·ÆÀ01.ctl
Data File:      /opeapp/opeftp/rcv/gws_approvallist.dat
  Bad File:     /opeapp/logs/lod_TB_OPE_KRI_Á÷¿ø¸¸Á·ÆÀ01.bad
  Discard File:  none specified
 
 (Allow all discards)

Number to load: ALL
Number to skip: 0
Errors allowed: 0
Bind array:     64 rows, maximum of 256000 bytes
Continuation:    none specified
Path used:      Conventional
Silent options: FEEDBACK
Table TEMP_OPE_KRI_Á÷¿ø¸¸Á·ÆÀ01, loaded from every logical record.
Insert option in effect for this table: TRUNCATE
TRAILING NULLCOLS option in effect

   Column Name                  Position   Len  Term Encl Datatype
------------------------------ ---------- ----- ---- ---- ---------------------
STD_DT                              FIRST     *   |       CHARACTER            
BRNO                                 NEXT     *   |       CHARACTER            
BR_NM                                NEXT     *   |       CHARACTER            
    SQL string for column : "TRIM(:BR_NM)"
DCM_DTT                              NEXT     *   |       CHARACTER            
DCM_NO                               NEXT     *   |       CHARACTER            
    SQL string for column : "TRIM(:DCM_NO)"
DCM_TLT                              NEXT     *   |       CHARACTER            
    SQL string for column : "TRIM(:DCM_TLT)"
DCD_RQST_DT                          NEXT     *   |       CHARACTER            
DCD_RQMR_NM                          NEXT     *   |       CHARACTER            
    SQL string for column : "TRIM(:DCD_RQMR_NM)"
DCDR_NM                              NEXT     *   |       CHARACTER            
    SQL string for column : "TRIM(:DCDR_NM)"
DCD_ARV_DT                           NEXT     *   |       CHARACTER            
DCD_TMNT_DT                          NEXT     *   |       CHARACTER            


Table TEMP_OPE_KRI_Á÷¿ø¸¸Á·ÆÀ01:
  10 Rows successfully loaded.
  0 Rows not loaded due to data errors.
  0 Rows not loaded because all WHEN clauses were failed.
  0 Rows not loaded because all fields were null.


Space allocated for bind array:                 181632 bytes(64 rows)
Read   buffer bytes: 1048576

Total logical records skipped:          0
Total logical records read:            10
Total logical records rejected:         0
Total logical records discarded:        0

Run began on Fri Dec 09 15:06:37 2022
Run ended on Fri Dec 09 15:06:37 2022

Elapsed time was:     00:00:00.17
CPU time was:         00:00:00.01
