
SQL*Loader: Release 12.2.0.1.0 - Production on Fri Nov 25 10:53:01 2022

Copyright (c) 1982, 2017, Oracle and/or its affiliates.  All rights reserved.

Control File:   /opeapp/ctl/TB_OPE_KRI_TABLES.ctl
Data File:      /nasdat/ope/init/TB_OPE_KRI_TABLES.dat
  Bad File:     /opeapp/logs/TB_OPE_KRI_TABLES.bad
  Discard File:  none specified
 
 (Allow all discards)

Number to load: ALL
Number to skip: 0
Errors allowed: 0
Bind array:     64 rows, maximum of 256000 bytes
Continuation:    none specified
Path used:      Conventional
Silent options: FEEDBACK
Table TB_OPE_KRI_TABLES, loaded from every logical record.
Insert option in effect for this table: TRUNCATE
TRAILING NULLCOLS option in effect

   Column Name                  Position   Len  Term Encl Datatype
------------------------------ ---------- ----- ---- ---- ---------------------
TABLE_NAME                          FIRST     *   |       CHARACTER            
INF_TYPE                             NEXT     *   |       CHARACTER            
    SQL string for column : "TRIM(:INF_TYPE)"


Table TB_OPE_KRI_TABLES:
  120 Rows successfully loaded.
  0 Rows not loaded due to data errors.
  0 Rows not loaded because all WHEN clauses were failed.
  0 Rows not loaded because all fields were null.


Space allocated for bind array:                  33024 bytes(64 rows)
Read   buffer bytes: 1048576

Total logical records skipped:          0
Total logical records read:           120
Total logical records rejected:         0
Total logical records discarded:        0

Run began on Fri Nov 25 10:53:01 2022
Run ended on Fri Nov 25 10:53:01 2022

Elapsed time was:     00:00:00.21
CPU time was:         00:00:00.01
